<?xml version="1.0" encoding="UTF-8"?>
<!-- Generated by org.testng.reporters.JUnitXMLReporter -->
<testsuite ignored="2" hostname="DESKTOP-2F2EII0" failures="0" tests="0" time="0.006" errors="0" timestamp="2022-01-01T22:55:28 EST">
  <testcase classname="com.herokuapp.theinternet.LoginTest" name="negativeloginTest" time="0.0">
    <ignored/>
  </testcase> <!-- negativeloginTest -->
  <testcase classname="com.herokuapp.theinternet.LoginTest" name="positiveloginTest" time="0.0">
    <ignored/>
  </testcase> <!-- positiveloginTest -->
</testsuite>
