<?xml version="1.0" encoding="UTF-8"?>
<!-- Generated by org.testng.reporters.JUnitXMLReporter -->
<testsuite ignored="1" hostname="DESKTOP-2F2EII0" failures="0" tests="1" name="negativeloginTest" time="4.376" errors="0" timestamp="2022-01-01T23:00:33 EST">
  <testcase classname="com.herokuapp.theinternet.LoginTest" name="negativeloginTest" time="1.703"/>
  <testcase classname="com.herokuapp.theinternet.LoginTest" name="positiveloginTest" time="0.0">
    <ignored/>
  </testcase> <!-- positiveloginTest -->
</testsuite> <!-- negativeloginTest -->
