<?xml version="1.0" encoding="UTF-8"?>
<testng-results ignored="0" total="3" passed="3" failed="0" skipped="0">
  <reporter-output>
  </reporter-output>
  <suite started-at="2021-12-26T18:17:15 EST" name="AllTests" finished-at="2021-12-26T18:17:32 EST" duration-ms="17284">
    <groups>
    </groups>
    <test started-at="2021-12-26T18:17:15 EST" name="PositiveTest" finished-at="2021-12-26T18:17:21 EST" duration-ms="6248">
      <class name="com.herokuapp.theinternet.PositiveTest">
        <test-method signature="loginTest()[pri:0, instance:com.herokuapp.theinternet.PositiveTest@147ed70f]" started-at="2021-12-26T18:17:15 EST" name="loginTest" finished-at="2021-12-26T18:17:21 EST" duration-ms="6227" status="PASS">
          <reporter-output>
          </reporter-output>
        </test-method> <!-- loginTest -->
      </class> <!-- com.herokuapp.theinternet.PositiveTest -->
    </test> <!-- PositiveTest -->
    <test started-at="2021-12-26T18:17:21 EST" name="NegativeTest" finished-at="2021-12-26T18:17:32 EST" duration-ms="11014">
      <class name="com.herokuapp.theinternet.NegativeTest">
        <test-method signature="incorrectpasswordTest()[pri:0, instance:com.herokuapp.theinternet.NegativeTest@6af93788]" started-at="2021-12-26T18:17:21 EST" name="incorrectpasswordTest" finished-at="2021-12-26T18:17:27 EST" duration-ms="5525" status="PASS">
          <reporter-output>
          </reporter-output>
        </test-method> <!-- incorrectpasswordTest -->
        <test-method signature="incorrectusernameTest()[pri:0, instance:com.herokuapp.theinternet.NegativeTest@6af93788]" started-at="2021-12-26T18:17:27 EST" name="incorrectusernameTest" finished-at="2021-12-26T18:17:32 EST" duration-ms="5486" status="PASS">
          <reporter-output>
          </reporter-output>
        </test-method> <!-- incorrectusernameTest -->
      </class> <!-- com.herokuapp.theinternet.NegativeTest -->
    </test> <!-- NegativeTest -->
  </suite> <!-- AllTests -->
</testng-results>
