<?xml version="1.0" encoding="UTF-8"?>
<!-- Generated by org.testng.reporters.JUnitXMLReporter -->
<testsuite ignored="1" hostname="DESKTOP-2F2EII0" failures="0" tests="1" name="NegativeTest" time="6.032" errors="0" timestamp="2021-12-26T20:44:12 EST">
  <testcase classname="com.herokuapp.theinternet.NegativeTest" name="incorrectpasswordTest" time="6.011"/>
  <testcase classname="com.herokuapp.theinternet.NegativeTest" name="incorrectusernameTest" time="0.0">
    <ignored/>
  </testcase> <!-- incorrectusernameTest -->
</testsuite> <!-- NegativeTest -->
