<?xml version="1.0" encoding="UTF-8"?>
<!-- Generated by org.testng.reporters.JUnitXMLReporter -->
<testsuite ignored="0" hostname="DESKTOP-2F2EII0" failures="0" tests="2" name="NegativeTest" time="11.014" errors="0" timestamp="2021-12-26T18:17:32 EST">
  <testcase classname="com.herokuapp.theinternet.NegativeTest" name="incorrectpasswordTest" time="5.525"/>
  <testcase classname="com.herokuapp.theinternet.NegativeTest" name="incorrectusernameTest" time="5.486"/>
</testsuite> <!-- NegativeTest -->
