<?xml version="1.0" encoding="UTF-8"?>
<testng-results ignored="2" total="4" passed="2" failed="0" skipped="0">
  <reporter-output>
  </reporter-output>
  <suite started-at="2022-01-01T23:00:29 EST" name="Debug" finished-at="2022-01-01T23:00:40 EST" duration-ms="10901">
    <groups>
      <group name="smokeTests">
        <method signature="LoginTest.negativeloginTest(java.lang.String,java.lang.String,java.lang.String)[pri:2, instance:com.herokuapp.theinternet.LoginTest@3d51f06e]" name="negativeloginTest" class="com.herokuapp.theinternet.LoginTest"/>
        <method signature="LoginTest.negativeloginTest(java.lang.String,java.lang.String,java.lang.String)[pri:2, instance:com.herokuapp.theinternet.LoginTest@595b007d]" name="negativeloginTest" class="com.herokuapp.theinternet.LoginTest"/>
      </group> <!-- smokeTests -->
      <group name="negativeTests">
        <method signature="LoginTest.negativeloginTest(java.lang.String,java.lang.String,java.lang.String)[pri:2, instance:com.herokuapp.theinternet.LoginTest@3d51f06e]" name="negativeloginTest" class="com.herokuapp.theinternet.LoginTest"/>
        <method signature="LoginTest.negativeloginTest(java.lang.String,java.lang.String,java.lang.String)[pri:2, instance:com.herokuapp.theinternet.LoginTest@595b007d]" name="negativeloginTest" class="com.herokuapp.theinternet.LoginTest"/>
      </group> <!-- negativeTests -->
    </groups>
    <test started-at="2022-01-01T23:00:29 EST" name="negativeloginTest" finished-at="2022-01-01T23:00:33 EST" duration-ms="4376">
      <class name="com.herokuapp.theinternet.LoginTest">
        <test-method is-config="true" signature="setUp(java.lang.String)[pri:0, instance:com.herokuapp.theinternet.LoginTest@3d51f06e]" started-at="2022-01-01T23:00:29 EST" name="setUp" finished-at="2022-01-01T23:00:31 EST" duration-ms="2581" status="PASS">
          <params>
            <param index="0">
              <value>
                <![CDATA[chrome]]>
              </value>
            </param>
          </params>
          <reporter-output>
          </reporter-output>
        </test-method> <!-- setUp -->
        <test-method signature="negativeloginTest(java.lang.String,java.lang.String,java.lang.String)[pri:2, instance:com.herokuapp.theinternet.LoginTest@3d51f06e]" started-at="2022-01-01T23:00:31 EST" name="negativeloginTest" finished-at="2022-01-01T23:00:33 EST" duration-ms="1703" status="PASS">
          <params>
            <param index="0">
              <value>
                <![CDATA[incorrectusername]]>
              </value>
            </param>
            <param index="1">
              <value>
                <![CDATA[SuperSecretPassword!]]>
              </value>
            </param>
            <param index="2">
              <value>
                <![CDATA[Your username is invalid!]]>
              </value>
            </param>
          </params>
          <reporter-output>
          </reporter-output>
        </test-method> <!-- negativeloginTest -->
        <test-method is-config="true" signature="tearDown()[pri:0, instance:com.herokuapp.theinternet.LoginTest@3d51f06e]" started-at="2022-01-01T23:00:33 EST" name="tearDown" finished-at="2022-01-01T23:00:33 EST" duration-ms="61" status="PASS">
          <reporter-output>
          </reporter-output>
        </test-method> <!-- tearDown -->
      </class> <!-- com.herokuapp.theinternet.LoginTest -->
    </test> <!-- negativeloginTest -->
    <test started-at="2022-01-01T23:00:33 EST" name="NegativepasswordTest" finished-at="2022-01-01T23:00:40 EST" duration-ms="6480">
      <class name="com.herokuapp.theinternet.LoginTest">
        <test-method is-config="true" signature="setUp(java.lang.String)[pri:0, instance:com.herokuapp.theinternet.LoginTest@595b007d]" started-at="2022-01-01T23:00:33 EST" name="setUp" finished-at="2022-01-01T23:00:38 EST" duration-ms="4585" status="PASS">
          <params>
            <param index="0">
              <value>
                <![CDATA[firefox]]>
              </value>
            </param>
          </params>
          <reporter-output>
          </reporter-output>
        </test-method> <!-- setUp -->
        <test-method signature="negativeloginTest(java.lang.String,java.lang.String,java.lang.String)[pri:2, instance:com.herokuapp.theinternet.LoginTest@595b007d]" started-at="2022-01-01T23:00:38 EST" name="negativeloginTest" finished-at="2022-01-01T23:00:39 EST" duration-ms="1390" status="PASS">
          <params>
            <param index="0">
              <value>
                <![CDATA[tomsmith]]>
              </value>
            </param>
            <param index="1">
              <value>
                <![CDATA[incorrectPassword!]]>
              </value>
            </param>
            <param index="2">
              <value>
                <![CDATA[Your password is invalid!]]>
              </value>
            </param>
          </params>
          <reporter-output>
          </reporter-output>
        </test-method> <!-- negativeloginTest -->
        <test-method is-config="true" signature="tearDown()[pri:0, instance:com.herokuapp.theinternet.LoginTest@595b007d]" started-at="2022-01-01T23:00:39 EST" name="tearDown" finished-at="2022-01-01T23:00:40 EST" duration-ms="502" status="PASS">
          <reporter-output>
          </reporter-output>
        </test-method> <!-- tearDown -->
      </class> <!-- com.herokuapp.theinternet.LoginTest -->
    </test> <!-- NegativepasswordTest -->
  </suite> <!-- Debug -->
</testng-results>
